CRITICAL - 2024-02-12 11:48:11 --> ErrorException: Undefined variable $graficoPagarPago
in APPPATH\Views\inicio\index.php on line 312.
 1 APPPATH\Views\inicio\index.php(312): CodeIgniter\Debug\Exceptions->errorHandler(2, 'Undefined variable $graficoPagarPago', 'C:\\xampp\\htdocs\\app\\Views\\inicio\\index.php', 312)
 2 SYSTEMPATH\View\View.php(228): include('C:\\xampp\\htdocs\\app\\Views\\inicio\\index.php')
 3 SYSTEMPATH\View\View.php(231): CodeIgniter\View\View->CodeIgniter\View\{closure}()
 4 SYSTEMPATH\Common.php(1178): CodeIgniter\View\View->render('inicio/index', [], true)
 5 APPPATH\Controllers\Inicio.php(179): view('inicio/index', [...])
 6 SYSTEMPATH\CodeIgniter.php(941): App\Controllers\Inicio->index()
 7 SYSTEMPATH\CodeIgniter.php(502): CodeIgniter\CodeIgniter->runController(Object(App\Controllers\Inicio))
 8 SYSTEMPATH\CodeIgniter.php(361): CodeIgniter\CodeIgniter->handleRequest(null, Object(Config\Cache), false)
 9 FCPATH\index.php(79): CodeIgniter\CodeIgniter->run()
10 SYSTEMPATH\Commands\Server\rewrite.php(47): require_once('C:\\xampp\\htdocs\\public\\index.php')
CRITICAL - 2024-02-12 11:49:13 --> ErrorException: Undefined variable $graficoPagarPago
in APPPATH\Views\inicio\index.php on line 312.
 1 APPPATH\Views\inicio\index.php(312): CodeIgniter\Debug\Exceptions->errorHandler(2, 'Undefined variable $graficoPagarPago', 'C:\\xampp\\htdocs\\app\\Views\\inicio\\index.php', 312)
 2 SYSTEMPATH\View\View.php(228): include('C:\\xampp\\htdocs\\app\\Views\\inicio\\index.php')
 3 SYSTEMPATH\View\View.php(231): CodeIgniter\View\View->CodeIgniter\View\{closure}()
 4 SYSTEMPATH\Common.php(1178): CodeIgniter\View\View->render('inicio/index', [], true)
 5 APPPATH\Controllers\Inicio.php(179): view('inicio/index', [...])
 6 SYSTEMPATH\CodeIgniter.php(941): App\Controllers\Inicio->index()
 7 SYSTEMPATH\CodeIgniter.php(502): CodeIgniter\CodeIgniter->runController(Object(App\Controllers\Inicio))
 8 SYSTEMPATH\CodeIgniter.php(361): CodeIgniter\CodeIgniter->handleRequest(null, Object(Config\Cache), false)
 9 FCPATH\index.php(79): CodeIgniter\CodeIgniter->run()
10 SYSTEMPATH\Commands\Server\rewrite.php(47): require_once('C:\\xampp\\htdocs\\public\\index.php')
CRITICAL - 2024-02-12 11:49:15 --> ErrorException: Undefined variable $graficoPagarPago
in APPPATH\Views\inicio\index.php on line 312.
 1 APPPATH\Views\inicio\index.php(312): CodeIgniter\Debug\Exceptions->errorHandler(2, 'Undefined variable $graficoPagarPago', 'C:\\xampp\\htdocs\\app\\Views\\inicio\\index.php', 312)
 2 SYSTEMPATH\View\View.php(228): include('C:\\xampp\\htdocs\\app\\Views\\inicio\\index.php')
 3 SYSTEMPATH\View\View.php(231): CodeIgniter\View\View->CodeIgniter\View\{closure}()
 4 SYSTEMPATH\Common.php(1178): CodeIgniter\View\View->render('inicio/index', [], true)
 5 APPPATH\Controllers\Inicio.php(179): view('inicio/index', [...])
 6 SYSTEMPATH\CodeIgniter.php(941): App\Controllers\Inicio->index()
 7 SYSTEMPATH\CodeIgniter.php(502): CodeIgniter\CodeIgniter->runController(Object(App\Controllers\Inicio))
 8 SYSTEMPATH\CodeIgniter.php(361): CodeIgniter\CodeIgniter->handleRequest(null, Object(Config\Cache), false)
 9 FCPATH\index.php(79): CodeIgniter\CodeIgniter->run()
10 SYSTEMPATH\Commands\Server\rewrite.php(47): require_once('C:\\xampp\\htdocs\\public\\index.php')
CRITICAL - 2024-02-12 12:19:58 --> ErrorException: Undefined variable $array
in APPPATH\Controllers\Inicio.php on line 102.
 1 APPPATH\Controllers\Inicio.php(102): CodeIgniter\Debug\Exceptions->errorHandler(2, 'Undefined variable $array', 'C:\\xampp\\htdocs\\app\\Controllers\\Inicio.php', 102)
 2 SYSTEMPATH\CodeIgniter.php(941): App\Controllers\Inicio->index()
 3 SYSTEMPATH\CodeIgniter.php(502): CodeIgniter\CodeIgniter->runController(Object(App\Controllers\Inicio))
 4 SYSTEMPATH\CodeIgniter.php(361): CodeIgniter\CodeIgniter->handleRequest(null, Object(Config\Cache), false)
 5 FCPATH\index.php(79): CodeIgniter\CodeIgniter->run()
 6 SYSTEMPATH\Commands\Server\rewrite.php(47): require_once('C:\\xampp\\htdocs\\public\\index.php')
CRITICAL - 2024-02-12 12:20:24 --> ErrorException: Undefined variable $array
in APPPATH\Controllers\Inicio.php on line 102.
 1 APPPATH\Controllers\Inicio.php(102): CodeIgniter\Debug\Exceptions->errorHandler(2, 'Undefined variable $array', 'C:\\xampp\\htdocs\\app\\Controllers\\Inicio.php', 102)
 2 SYSTEMPATH\CodeIgniter.php(941): App\Controllers\Inicio->index()
 3 SYSTEMPATH\CodeIgniter.php(502): CodeIgniter\CodeIgniter->runController(Object(App\Controllers\Inicio))
 4 SYSTEMPATH\CodeIgniter.php(361): CodeIgniter\CodeIgniter->handleRequest(null, Object(Config\Cache), false)
 5 FCPATH\index.php(79): CodeIgniter\CodeIgniter->run()
 6 SYSTEMPATH\Commands\Server\rewrite.php(47): require_once('C:\\xampp\\htdocs\\public\\index.php')
CRITICAL - 2024-02-12 13:46:06 --> ErrorException: Undefined array key "dia"
in APPPATH\Controllers\Inicio.php on line 196.
 1 APPPATH\Controllers\Inicio.php(196): CodeIgniter\Debug\Exceptions->errorHandler(2, 'Undefined array key "dia"', 'C:\\xampp\\htdocs\\app\\Controllers\\Inicio.php', 196)
 2 SYSTEMPATH\CodeIgniter.php(941): App\Controllers\Inicio->index()
 3 SYSTEMPATH\CodeIgniter.php(502): CodeIgniter\CodeIgniter->runController(Object(App\Controllers\Inicio))
 4 SYSTEMPATH\CodeIgniter.php(361): CodeIgniter\CodeIgniter->handleRequest(null, Object(Config\Cache), false)
 5 FCPATH\index.php(79): CodeIgniter\CodeIgniter->run()
 6 SYSTEMPATH\Commands\Server\rewrite.php(47): require_once('C:\\xampp\\htdocs\\public\\index.php')
CRITICAL - 2024-02-12 13:46:34 --> ErrorException: Undefined array key 0
in APPPATH\Controllers\Inicio.php on line 196.
 1 APPPATH\Controllers\Inicio.php(196): CodeIgniter\Debug\Exceptions->errorHandler(2, 'Undefined array key 0', 'C:\\xampp\\htdocs\\app\\Controllers\\Inicio.php', 196)
 2 SYSTEMPATH\CodeIgniter.php(941): App\Controllers\Inicio->index()
 3 SYSTEMPATH\CodeIgniter.php(502): CodeIgniter\CodeIgniter->runController(Object(App\Controllers\Inicio))
 4 SYSTEMPATH\CodeIgniter.php(361): CodeIgniter\CodeIgniter->handleRequest(null, Object(Config\Cache), false)
 5 FCPATH\index.php(79): CodeIgniter\CodeIgniter->run()
 6 SYSTEMPATH\Commands\Server\rewrite.php(47): require_once('C:\\xampp\\htdocs\\public\\index.php')
CRITICAL - 2024-02-12 13:53:08 --> ErrorException: Undefined array key "dia"
in APPPATH\Controllers\Inicio.php on line 199.
 1 APPPATH\Controllers\Inicio.php(199): CodeIgniter\Debug\Exceptions->errorHandler(2, 'Undefined array key "dia"', 'C:\\xampp\\htdocs\\app\\Controllers\\Inicio.php', 199)
 2 SYSTEMPATH\CodeIgniter.php(941): App\Controllers\Inicio->index()
 3 SYSTEMPATH\CodeIgniter.php(502): CodeIgniter\CodeIgniter->runController(Object(App\Controllers\Inicio))
 4 SYSTEMPATH\CodeIgniter.php(361): CodeIgniter\CodeIgniter->handleRequest(null, Object(Config\Cache), false)
 5 FCPATH\index.php(79): CodeIgniter\CodeIgniter->run()
 6 SYSTEMPATH\Commands\Server\rewrite.php(47): require_once('C:\\xampp\\htdocs\\public\\index.php')
CRITICAL - 2024-02-12 13:57:42 --> ErrorException: Undefined array key 0
in APPPATH\Controllers\Inicio.php on line 197.
 1 APPPATH\Controllers\Inicio.php(197): CodeIgniter\Debug\Exceptions->errorHandler(2, 'Undefined array key 0', 'C:\\xampp\\htdocs\\app\\Controllers\\Inicio.php', 197)
 2 SYSTEMPATH\CodeIgniter.php(941): App\Controllers\Inicio->index()
 3 SYSTEMPATH\CodeIgniter.php(502): CodeIgniter\CodeIgniter->runController(Object(App\Controllers\Inicio))
 4 SYSTEMPATH\CodeIgniter.php(361): CodeIgniter\CodeIgniter->handleRequest(null, Object(Config\Cache), false)
 5 FCPATH\index.php(79): CodeIgniter\CodeIgniter->run()
 6 SYSTEMPATH\Commands\Server\rewrite.php(47): require_once('C:\\xampp\\htdocs\\public\\index.php')
CRITICAL - 2024-02-12 13:57:49 --> ErrorException: Undefined array key "dia"
in APPPATH\Controllers\Inicio.php on line 197.
 1 APPPATH\Controllers\Inicio.php(197): CodeIgniter\Debug\Exceptions->errorHandler(2, 'Undefined array key "dia"', 'C:\\xampp\\htdocs\\app\\Controllers\\Inicio.php', 197)
 2 SYSTEMPATH\CodeIgniter.php(941): App\Controllers\Inicio->index()
 3 SYSTEMPATH\CodeIgniter.php(502): CodeIgniter\CodeIgniter->runController(Object(App\Controllers\Inicio))
 4 SYSTEMPATH\CodeIgniter.php(361): CodeIgniter\CodeIgniter->handleRequest(null, Object(Config\Cache), false)
 5 FCPATH\index.php(79): CodeIgniter\CodeIgniter->run()
 6 SYSTEMPATH\Commands\Server\rewrite.php(47): require_once('C:\\xampp\\htdocs\\public\\index.php')
CRITICAL - 2024-02-12 13:59:14 --> ErrorException: Undefined array key "dia"
in APPPATH\Controllers\Inicio.php on line 202.
 1 APPPATH\Controllers\Inicio.php(202): CodeIgniter\Debug\Exceptions->errorHandler(2, 'Undefined array key "dia"', 'C:\\xampp\\htdocs\\app\\Controllers\\Inicio.php', 202)
 2 SYSTEMPATH\CodeIgniter.php(941): App\Controllers\Inicio->index()
 3 SYSTEMPATH\CodeIgniter.php(502): CodeIgniter\CodeIgniter->runController(Object(App\Controllers\Inicio))
 4 SYSTEMPATH\CodeIgniter.php(361): CodeIgniter\CodeIgniter->handleRequest(null, Object(Config\Cache), false)
 5 FCPATH\index.php(79): CodeIgniter\CodeIgniter->run()
 6 SYSTEMPATH\Commands\Server\rewrite.php(47): require_once('C:\\xampp\\htdocs\\public\\index.php')
CRITICAL - 2024-02-12 13:59:49 --> ErrorException: Undefined array key "dia"
in APPPATH\Controllers\Inicio.php on line 202.
 1 APPPATH\Controllers\Inicio.php(202): CodeIgniter\Debug\Exceptions->errorHandler(2, 'Undefined array key "dia"', 'C:\\xampp\\htdocs\\app\\Controllers\\Inicio.php', 202)
 2 SYSTEMPATH\CodeIgniter.php(941): App\Controllers\Inicio->index()
 3 SYSTEMPATH\CodeIgniter.php(502): CodeIgniter\CodeIgniter->runController(Object(App\Controllers\Inicio))
 4 SYSTEMPATH\CodeIgniter.php(361): CodeIgniter\CodeIgniter->handleRequest(null, Object(Config\Cache), false)
 5 FCPATH\index.php(79): CodeIgniter\CodeIgniter->run()
 6 SYSTEMPATH\Commands\Server\rewrite.php(47): require_once('C:\\xampp\\htdocs\\public\\index.php')
CRITICAL - 2024-02-12 14:00:05 --> ErrorException: Array to string conversion
in APPPATH\Controllers\Inicio.php on line 203.
 1 APPPATH\Controllers\Inicio.php(203): CodeIgniter\Debug\Exceptions->errorHandler(2, 'Array to string conversion', 'C:\\xampp\\htdocs\\app\\Controllers\\Inicio.php', 203)
 2 SYSTEMPATH\CodeIgniter.php(941): App\Controllers\Inicio->index()
 3 SYSTEMPATH\CodeIgniter.php(502): CodeIgniter\CodeIgniter->runController(Object(App\Controllers\Inicio))
 4 SYSTEMPATH\CodeIgniter.php(361): CodeIgniter\CodeIgniter->handleRequest(null, Object(Config\Cache), false)
 5 FCPATH\index.php(79): CodeIgniter\CodeIgniter->run()
 6 SYSTEMPATH\Commands\Server\rewrite.php(47): require_once('C:\\xampp\\htdocs\\public\\index.php')
CRITICAL - 2024-02-12 14:00:06 --> ErrorException: Array to string conversion
in APPPATH\Controllers\Inicio.php on line 203.
 1 APPPATH\Controllers\Inicio.php(203): CodeIgniter\Debug\Exceptions->errorHandler(2, 'Array to string conversion', 'C:\\xampp\\htdocs\\app\\Controllers\\Inicio.php', 203)
 2 SYSTEMPATH\CodeIgniter.php(941): App\Controllers\Inicio->index()
 3 SYSTEMPATH\CodeIgniter.php(502): CodeIgniter\CodeIgniter->runController(Object(App\Controllers\Inicio))
 4 SYSTEMPATH\CodeIgniter.php(361): CodeIgniter\CodeIgniter->handleRequest(null, Object(Config\Cache), false)
 5 FCPATH\index.php(79): CodeIgniter\CodeIgniter->run()
 6 SYSTEMPATH\Commands\Server\rewrite.php(47): require_once('C:\\xampp\\htdocs\\public\\index.php')
CRITICAL - 2024-02-12 14:00:08 --> ErrorException: Array to string conversion
in APPPATH\Controllers\Inicio.php on line 203.
 1 APPPATH\Controllers\Inicio.php(203): CodeIgniter\Debug\Exceptions->errorHandler(2, 'Array to string conversion', 'C:\\xampp\\htdocs\\app\\Controllers\\Inicio.php', 203)
 2 SYSTEMPATH\CodeIgniter.php(941): App\Controllers\Inicio->index()
 3 SYSTEMPATH\CodeIgniter.php(502): CodeIgniter\CodeIgniter->runController(Object(App\Controllers\Inicio))
 4 SYSTEMPATH\CodeIgniter.php(361): CodeIgniter\CodeIgniter->handleRequest(null, Object(Config\Cache), false)
 5 FCPATH\index.php(79): CodeIgniter\CodeIgniter->run()
 6 SYSTEMPATH\Commands\Server\rewrite.php(47): require_once('C:\\xampp\\htdocs\\public\\index.php')
CRITICAL - 2024-02-12 14:00:42 --> ErrorException: foreach() argument must be of type array|object, string given
in APPPATH\Controllers\Inicio.php on line 200.
 1 APPPATH\Controllers\Inicio.php(200): CodeIgniter\Debug\Exceptions->errorHandler(2, 'foreach() argument must be of type array|object, string given', 'C:\\xampp\\htdocs\\app\\Controllers\\Inicio.php', 200)
 2 SYSTEMPATH\CodeIgniter.php(941): App\Controllers\Inicio->index()
 3 SYSTEMPATH\CodeIgniter.php(502): CodeIgniter\CodeIgniter->runController(Object(App\Controllers\Inicio))
 4 SYSTEMPATH\CodeIgniter.php(361): CodeIgniter\CodeIgniter->handleRequest(null, Object(Config\Cache), false)
 5 FCPATH\index.php(79): CodeIgniter\CodeIgniter->run()
 6 SYSTEMPATH\Commands\Server\rewrite.php(47): require_once('C:\\xampp\\htdocs\\public\\index.php')
CRITICAL - 2024-02-12 14:00:54 --> ErrorException: Array to string conversion
in APPPATH\Controllers\Inicio.php on line 203.
 1 APPPATH\Controllers\Inicio.php(203): CodeIgniter\Debug\Exceptions->errorHandler(2, 'Array to string conversion', 'C:\\xampp\\htdocs\\app\\Controllers\\Inicio.php', 203)
 2 SYSTEMPATH\CodeIgniter.php(941): App\Controllers\Inicio->index()
 3 SYSTEMPATH\CodeIgniter.php(502): CodeIgniter\CodeIgniter->runController(Object(App\Controllers\Inicio))
 4 SYSTEMPATH\CodeIgniter.php(361): CodeIgniter\CodeIgniter->handleRequest(null, Object(Config\Cache), false)
 5 FCPATH\index.php(79): CodeIgniter\CodeIgniter->run()
 6 SYSTEMPATH\Commands\Server\rewrite.php(47): require_once('C:\\xampp\\htdocs\\public\\index.php')
CRITICAL - 2024-02-12 14:06:26 --> ErrorException: foreach() argument must be of type array|object, string given
in APPPATH\Controllers\Inicio.php on line 202.
 1 APPPATH\Controllers\Inicio.php(202): CodeIgniter\Debug\Exceptions->errorHandler(2, 'foreach() argument must be of type array|object, string given', 'C:\\xampp\\htdocs\\app\\Controllers\\Inicio.php', 202)
 2 SYSTEMPATH\CodeIgniter.php(941): App\Controllers\Inicio->index()
 3 SYSTEMPATH\CodeIgniter.php(502): CodeIgniter\CodeIgniter->runController(Object(App\Controllers\Inicio))
 4 SYSTEMPATH\CodeIgniter.php(361): CodeIgniter\CodeIgniter->handleRequest(null, Object(Config\Cache), false)
 5 FCPATH\index.php(79): CodeIgniter\CodeIgniter->run()
 6 SYSTEMPATH\Commands\Server\rewrite.php(47): require_once('C:\\xampp\\htdocs\\public\\index.php')
CRITICAL - 2024-02-12 14:10:00 --> TypeError: array_merge(): Argument #13 must be of type array, string given
in APPPATH\Controllers\Inicio.php on line 200.
 1 APPPATH\Controllers\Inicio.php(200): array_merge([...], [...], [...], [...], [...], [...], [...], [...], [...], [...], [...], [...], '{"graficodias":[{"dia":"2024-02-01","total":"0.00"},{"dia":"2024-02-02","total":"0.00"},{"dia":"2024-02-03","total":"0.00"},{"dia":"2024-02-04","total":"0.00"},{"dia":"2024-02-05","total":"0.00"},{"dia":"2024-02-06","total":"0.00"},{"dia":"2024-02-07","total":"0.00"},{"dia":"2024-02-08","total":"0.00"},{"dia":"2024-02-09","total":"0.00"},{"dia":"2024-02-10","total":"0.00"},{"dia":"2024-02-11","total":"0.00"},{"dia":"2024-02-12","total":"542.87"},{"dia":"2024-02-13","total":"0.00"},{"dia":"2024-02-14","total":"0.00"},{"dia":"2024-02-15","total":"0.00"},{"dia":"2024-02-16","total":"0.00"},{"dia":"2024-02-17","total":"0.00"},{"dia":"2024-02-18","total":"0.00"},{"dia":"2024-02-19","total":"0.00"},{"dia":"2024-02-20","total":"0.00"},{"dia":"2024-02-21","total":"0.00"},{"dia":"2024-02-22","total":"0.00"},{"dia":"2024-02-23","total":"0.00"},{"dia":"2024-02-24","total":"0.00"},{"dia":"2024-02-25","total":"0.00"},{"dia":"2024-02-26","total":"0.00"},{"dia":"2024-02-27","total":"0.00"},{"dia":"2024-02-28","total":"0.00"},{"dia":"2024-02-29","total":"0.00"}]}', [...])
 2 SYSTEMPATH\CodeIgniter.php(941): App\Controllers\Inicio->index()
 3 SYSTEMPATH\CodeIgniter.php(502): CodeIgniter\CodeIgniter->runController(Object(App\Controllers\Inicio))
 4 SYSTEMPATH\CodeIgniter.php(361): CodeIgniter\CodeIgniter->handleRequest(null, Object(Config\Cache), false)
 5 FCPATH\index.php(79): CodeIgniter\CodeIgniter->run()
 6 SYSTEMPATH\Commands\Server\rewrite.php(47): require_once('C:\\xampp\\htdocs\\public\\index.php')
CRITICAL - 2024-02-12 14:10:17 --> TypeError: array_merge(): Argument #13 must be of type array, string given
in APPPATH\Controllers\Inicio.php on line 200.
 1 APPPATH\Controllers\Inicio.php(200): array_merge([...], [...], [...], [...], [...], [...], [...], [...], [...], [...], [...], [...], '{"graficodias":[{"dia":"2024-02-01","total":"0.00"},{"dia":"2024-02-02","total":"0.00"},{"dia":"2024-02-03","total":"0.00"},{"dia":"2024-02-04","total":"0.00"},{"dia":"2024-02-05","total":"0.00"},{"dia":"2024-02-06","total":"0.00"},{"dia":"2024-02-07","total":"0.00"},{"dia":"2024-02-08","total":"0.00"},{"dia":"2024-02-09","total":"0.00"},{"dia":"2024-02-10","total":"0.00"},{"dia":"2024-02-11","total":"0.00"},{"dia":"2024-02-12","total":"542.87"},{"dia":"2024-02-13","total":"0.00"},{"dia":"2024-02-14","total":"0.00"},{"dia":"2024-02-15","total":"0.00"},{"dia":"2024-02-16","total":"0.00"},{"dia":"2024-02-17","total":"0.00"},{"dia":"2024-02-18","total":"0.00"},{"dia":"2024-02-19","total":"0.00"},{"dia":"2024-02-20","total":"0.00"},{"dia":"2024-02-21","total":"0.00"},{"dia":"2024-02-22","total":"0.00"},{"dia":"2024-02-23","total":"0.00"},{"dia":"2024-02-24","total":"0.00"},{"dia":"2024-02-25","total":"0.00"},{"dia":"2024-02-26","total":"0.00"},{"dia":"2024-02-27","total":"0.00"},{"dia":"2024-02-28","total":"0.00"},{"dia":"2024-02-29","total":"0.00"}]}', [...])
 2 SYSTEMPATH\CodeIgniter.php(941): App\Controllers\Inicio->index()
 3 SYSTEMPATH\CodeIgniter.php(502): CodeIgniter\CodeIgniter->runController(Object(App\Controllers\Inicio))
 4 SYSTEMPATH\CodeIgniter.php(361): CodeIgniter\CodeIgniter->handleRequest(null, Object(Config\Cache), false)
 5 FCPATH\index.php(79): CodeIgniter\CodeIgniter->run()
 6 SYSTEMPATH\Commands\Server\rewrite.php(47): require_once('C:\\xampp\\htdocs\\public\\index.php')
CRITICAL - 2024-02-12 14:20:57 --> TypeError: array_merge(): Argument #13 must be of type array, string given
in APPPATH\Controllers\Inicio.php on line 200.
 1 APPPATH\Controllers\Inicio.php(200): array_merge([...], [...], [...], [...], [...], [...], [...], [...], [...], [...], [...], [...], '{"graficodias":[{"dia":"2024-02-01","total":"0.00"},{"dia":"2024-02-02","total":"0.00"},{"dia":"2024-02-03","total":"0.00"},{"dia":"2024-02-04","total":"0.00"},{"dia":"2024-02-05","total":"0.00"},{"dia":"2024-02-06","total":"0.00"},{"dia":"2024-02-07","total":"0.00"},{"dia":"2024-02-08","total":"0.00"},{"dia":"2024-02-09","total":"0.00"},{"dia":"2024-02-10","total":"0.00"},{"dia":"2024-02-11","total":"0.00"},{"dia":"2024-02-12","total":"542.87"},{"dia":"2024-02-13","total":"0.00"},{"dia":"2024-02-14","total":"0.00"},{"dia":"2024-02-15","total":"0.00"},{"dia":"2024-02-16","total":"0.00"},{"dia":"2024-02-17","total":"0.00"},{"dia":"2024-02-18","total":"0.00"},{"dia":"2024-02-19","total":"0.00"},{"dia":"2024-02-20","total":"0.00"},{"dia":"2024-02-21","total":"0.00"},{"dia":"2024-02-22","total":"0.00"},{"dia":"2024-02-23","total":"0.00"},{"dia":"2024-02-24","total":"0.00"},{"dia":"2024-02-25","total":"0.00"},{"dia":"2024-02-26","total":"0.00"},{"dia":"2024-02-27","total":"0.00"},{"dia":"2024-02-28","total":"0.00"},{"dia":"2024-02-29","total":"0.00"}]}', [...])
 2 SYSTEMPATH\CodeIgniter.php(941): App\Controllers\Inicio->index()
 3 SYSTEMPATH\CodeIgniter.php(502): CodeIgniter\CodeIgniter->runController(Object(App\Controllers\Inicio))
 4 SYSTEMPATH\CodeIgniter.php(361): CodeIgniter\CodeIgniter->handleRequest(null, Object(Config\Cache), false)
 5 FCPATH\index.php(79): CodeIgniter\CodeIgniter->run()
 6 SYSTEMPATH\Commands\Server\rewrite.php(47): require_once('C:\\xampp\\htdocs\\public\\index.php')
CRITICAL - 2024-02-12 14:20:59 --> TypeError: array_merge(): Argument #13 must be of type array, string given
in APPPATH\Controllers\Inicio.php on line 200.
 1 APPPATH\Controllers\Inicio.php(200): array_merge([...], [...], [...], [...], [...], [...], [...], [...], [...], [...], [...], [...], '{"graficodias":[{"dia":"2024-02-01","total":"0.00"},{"dia":"2024-02-02","total":"0.00"},{"dia":"2024-02-03","total":"0.00"},{"dia":"2024-02-04","total":"0.00"},{"dia":"2024-02-05","total":"0.00"},{"dia":"2024-02-06","total":"0.00"},{"dia":"2024-02-07","total":"0.00"},{"dia":"2024-02-08","total":"0.00"},{"dia":"2024-02-09","total":"0.00"},{"dia":"2024-02-10","total":"0.00"},{"dia":"2024-02-11","total":"0.00"},{"dia":"2024-02-12","total":"542.87"},{"dia":"2024-02-13","total":"0.00"},{"dia":"2024-02-14","total":"0.00"},{"dia":"2024-02-15","total":"0.00"},{"dia":"2024-02-16","total":"0.00"},{"dia":"2024-02-17","total":"0.00"},{"dia":"2024-02-18","total":"0.00"},{"dia":"2024-02-19","total":"0.00"},{"dia":"2024-02-20","total":"0.00"},{"dia":"2024-02-21","total":"0.00"},{"dia":"2024-02-22","total":"0.00"},{"dia":"2024-02-23","total":"0.00"},{"dia":"2024-02-24","total":"0.00"},{"dia":"2024-02-25","total":"0.00"},{"dia":"2024-02-26","total":"0.00"},{"dia":"2024-02-27","total":"0.00"},{"dia":"2024-02-28","total":"0.00"},{"dia":"2024-02-29","total":"0.00"}]}', [...])
 2 SYSTEMPATH\CodeIgniter.php(941): App\Controllers\Inicio->index()
 3 SYSTEMPATH\CodeIgniter.php(502): CodeIgniter\CodeIgniter->runController(Object(App\Controllers\Inicio))
 4 SYSTEMPATH\CodeIgniter.php(361): CodeIgniter\CodeIgniter->handleRequest(null, Object(Config\Cache), false)
 5 FCPATH\index.php(79): CodeIgniter\CodeIgniter->run()
 6 SYSTEMPATH\Commands\Server\rewrite.php(47): require_once('C:\\xampp\\htdocs\\public\\index.php')
CRITICAL - 2024-02-12 14:21:01 --> TypeError: array_merge(): Argument #13 must be of type array, string given
in APPPATH\Controllers\Inicio.php on line 200.
 1 APPPATH\Controllers\Inicio.php(200): array_merge([...], [...], [...], [...], [...], [...], [...], [...], [...], [...], [...], [...], '{"graficodias":[{"dia":"2024-02-01","total":"0.00"},{"dia":"2024-02-02","total":"0.00"},{"dia":"2024-02-03","total":"0.00"},{"dia":"2024-02-04","total":"0.00"},{"dia":"2024-02-05","total":"0.00"},{"dia":"2024-02-06","total":"0.00"},{"dia":"2024-02-07","total":"0.00"},{"dia":"2024-02-08","total":"0.00"},{"dia":"2024-02-09","total":"0.00"},{"dia":"2024-02-10","total":"0.00"},{"dia":"2024-02-11","total":"0.00"},{"dia":"2024-02-12","total":"542.87"},{"dia":"2024-02-13","total":"0.00"},{"dia":"2024-02-14","total":"0.00"},{"dia":"2024-02-15","total":"0.00"},{"dia":"2024-02-16","total":"0.00"},{"dia":"2024-02-17","total":"0.00"},{"dia":"2024-02-18","total":"0.00"},{"dia":"2024-02-19","total":"0.00"},{"dia":"2024-02-20","total":"0.00"},{"dia":"2024-02-21","total":"0.00"},{"dia":"2024-02-22","total":"0.00"},{"dia":"2024-02-23","total":"0.00"},{"dia":"2024-02-24","total":"0.00"},{"dia":"2024-02-25","total":"0.00"},{"dia":"2024-02-26","total":"0.00"},{"dia":"2024-02-27","total":"0.00"},{"dia":"2024-02-28","total":"0.00"},{"dia":"2024-02-29","total":"0.00"}]}', [...])
 2 SYSTEMPATH\CodeIgniter.php(941): App\Controllers\Inicio->index()
 3 SYSTEMPATH\CodeIgniter.php(502): CodeIgniter\CodeIgniter->runController(Object(App\Controllers\Inicio))
 4 SYSTEMPATH\CodeIgniter.php(361): CodeIgniter\CodeIgniter->handleRequest(null, Object(Config\Cache), false)
 5 FCPATH\index.php(79): CodeIgniter\CodeIgniter->run()
 6 SYSTEMPATH\Commands\Server\rewrite.php(47): require_once('C:\\xampp\\htdocs\\public\\index.php')
CRITICAL - 2024-02-12 14:21:24 --> TypeError: array_merge(): Argument #13 must be of type array, string given
in APPPATH\Controllers\Inicio.php on line 200.
 1 APPPATH\Controllers\Inicio.php(200): array_merge([...], [...], [...], [...], [...], [...], [...], [...], [...], [...], [...], [...], '{"graficodias":[{"dia":"2024-02-01","total":"0.00"},{"dia":"2024-02-02","total":"0.00"},{"dia":"2024-02-03","total":"0.00"},{"dia":"2024-02-04","total":"0.00"},{"dia":"2024-02-05","total":"0.00"},{"dia":"2024-02-06","total":"0.00"},{"dia":"2024-02-07","total":"0.00"},{"dia":"2024-02-08","total":"0.00"},{"dia":"2024-02-09","total":"0.00"},{"dia":"2024-02-10","total":"0.00"},{"dia":"2024-02-11","total":"0.00"},{"dia":"2024-02-12","total":"542.87"},{"dia":"2024-02-13","total":"0.00"},{"dia":"2024-02-14","total":"0.00"},{"dia":"2024-02-15","total":"0.00"},{"dia":"2024-02-16","total":"0.00"},{"dia":"2024-02-17","total":"0.00"},{"dia":"2024-02-18","total":"0.00"},{"dia":"2024-02-19","total":"0.00"},{"dia":"2024-02-20","total":"0.00"},{"dia":"2024-02-21","total":"0.00"},{"dia":"2024-02-22","total":"0.00"},{"dia":"2024-02-23","total":"0.00"},{"dia":"2024-02-24","total":"0.00"},{"dia":"2024-02-25","total":"0.00"},{"dia":"2024-02-26","total":"0.00"},{"dia":"2024-02-27","total":"0.00"},{"dia":"2024-02-28","total":"0.00"},{"dia":"2024-02-29","total":"0.00"}]}', [...])
 2 SYSTEMPATH\CodeIgniter.php(941): App\Controllers\Inicio->index()
 3 SYSTEMPATH\CodeIgniter.php(502): CodeIgniter\CodeIgniter->runController(Object(App\Controllers\Inicio))
 4 SYSTEMPATH\CodeIgniter.php(361): CodeIgniter\CodeIgniter->handleRequest(null, Object(Config\Cache), false)
 5 FCPATH\index.php(79): CodeIgniter\CodeIgniter->run()
 6 SYSTEMPATH\Commands\Server\rewrite.php(47): require_once('C:\\xampp\\htdocs\\public\\index.php')
CRITICAL - 2024-02-12 14:21:32 --> TypeError: array_merge(): Argument #13 must be of type array, string given
in APPPATH\Controllers\Inicio.php on line 200.
 1 APPPATH\Controllers\Inicio.php(200): array_merge([...], [...], [...], [...], [...], [...], [...], [...], [...], [...], [...], [...], '{"graficodias":[{"dia":"2024-02-01","total":"0.00"},{"dia":"2024-02-02","total":"0.00"},{"dia":"2024-02-03","total":"0.00"},{"dia":"2024-02-04","total":"0.00"},{"dia":"2024-02-05","total":"0.00"},{"dia":"2024-02-06","total":"0.00"},{"dia":"2024-02-07","total":"0.00"},{"dia":"2024-02-08","total":"0.00"},{"dia":"2024-02-09","total":"0.00"},{"dia":"2024-02-10","total":"0.00"},{"dia":"2024-02-11","total":"0.00"},{"dia":"2024-02-12","total":"542.87"},{"dia":"2024-02-13","total":"0.00"},{"dia":"2024-02-14","total":"0.00"},{"dia":"2024-02-15","total":"0.00"},{"dia":"2024-02-16","total":"0.00"},{"dia":"2024-02-17","total":"0.00"},{"dia":"2024-02-18","total":"0.00"},{"dia":"2024-02-19","total":"0.00"},{"dia":"2024-02-20","total":"0.00"},{"dia":"2024-02-21","total":"0.00"},{"dia":"2024-02-22","total":"0.00"},{"dia":"2024-02-23","total":"0.00"},{"dia":"2024-02-24","total":"0.00"},{"dia":"2024-02-25","total":"0.00"},{"dia":"2024-02-26","total":"0.00"},{"dia":"2024-02-27","total":"0.00"},{"dia":"2024-02-28","total":"0.00"},{"dia":"2024-02-29","total":"0.00"}]}', [...])
 2 SYSTEMPATH\CodeIgniter.php(941): App\Controllers\Inicio->index()
 3 SYSTEMPATH\CodeIgniter.php(502): CodeIgniter\CodeIgniter->runController(Object(App\Controllers\Inicio))
 4 SYSTEMPATH\CodeIgniter.php(361): CodeIgniter\CodeIgniter->handleRequest(null, Object(Config\Cache), false)
 5 FCPATH\index.php(79): CodeIgniter\CodeIgniter->run()
 6 SYSTEMPATH\Commands\Server\rewrite.php(47): require_once('C:\\xampp\\htdocs\\public\\index.php')
CRITICAL - 2024-02-12 14:21:33 --> TypeError: array_merge(): Argument #13 must be of type array, string given
in APPPATH\Controllers\Inicio.php on line 200.
 1 APPPATH\Controllers\Inicio.php(200): array_merge([...], [...], [...], [...], [...], [...], [...], [...], [...], [...], [...], [...], '{"graficodias":[{"dia":"2024-02-01","total":"0.00"},{"dia":"2024-02-02","total":"0.00"},{"dia":"2024-02-03","total":"0.00"},{"dia":"2024-02-04","total":"0.00"},{"dia":"2024-02-05","total":"0.00"},{"dia":"2024-02-06","total":"0.00"},{"dia":"2024-02-07","total":"0.00"},{"dia":"2024-02-08","total":"0.00"},{"dia":"2024-02-09","total":"0.00"},{"dia":"2024-02-10","total":"0.00"},{"dia":"2024-02-11","total":"0.00"},{"dia":"2024-02-12","total":"542.87"},{"dia":"2024-02-13","total":"0.00"},{"dia":"2024-02-14","total":"0.00"},{"dia":"2024-02-15","total":"0.00"},{"dia":"2024-02-16","total":"0.00"},{"dia":"2024-02-17","total":"0.00"},{"dia":"2024-02-18","total":"0.00"},{"dia":"2024-02-19","total":"0.00"},{"dia":"2024-02-20","total":"0.00"},{"dia":"2024-02-21","total":"0.00"},{"dia":"2024-02-22","total":"0.00"},{"dia":"2024-02-23","total":"0.00"},{"dia":"2024-02-24","total":"0.00"},{"dia":"2024-02-25","total":"0.00"},{"dia":"2024-02-26","total":"0.00"},{"dia":"2024-02-27","total":"0.00"},{"dia":"2024-02-28","total":"0.00"},{"dia":"2024-02-29","total":"0.00"}]}', [...])
 2 SYSTEMPATH\CodeIgniter.php(941): App\Controllers\Inicio->index()
 3 SYSTEMPATH\CodeIgniter.php(502): CodeIgniter\CodeIgniter->runController(Object(App\Controllers\Inicio))
 4 SYSTEMPATH\CodeIgniter.php(361): CodeIgniter\CodeIgniter->handleRequest(null, Object(Config\Cache), false)
 5 FCPATH\index.php(79): CodeIgniter\CodeIgniter->run()
 6 SYSTEMPATH\Commands\Server\rewrite.php(47): require_once('C:\\xampp\\htdocs\\public\\index.php')
CRITICAL - 2024-02-12 14:21:34 --> TypeError: array_merge(): Argument #13 must be of type array, string given
in APPPATH\Controllers\Inicio.php on line 200.
 1 APPPATH\Controllers\Inicio.php(200): array_merge([...], [...], [...], [...], [...], [...], [...], [...], [...], [...], [...], [...], '{"graficodias":[{"dia":"2024-02-01","total":"0.00"},{"dia":"2024-02-02","total":"0.00"},{"dia":"2024-02-03","total":"0.00"},{"dia":"2024-02-04","total":"0.00"},{"dia":"2024-02-05","total":"0.00"},{"dia":"2024-02-06","total":"0.00"},{"dia":"2024-02-07","total":"0.00"},{"dia":"2024-02-08","total":"0.00"},{"dia":"2024-02-09","total":"0.00"},{"dia":"2024-02-10","total":"0.00"},{"dia":"2024-02-11","total":"0.00"},{"dia":"2024-02-12","total":"542.87"},{"dia":"2024-02-13","total":"0.00"},{"dia":"2024-02-14","total":"0.00"},{"dia":"2024-02-15","total":"0.00"},{"dia":"2024-02-16","total":"0.00"},{"dia":"2024-02-17","total":"0.00"},{"dia":"2024-02-18","total":"0.00"},{"dia":"2024-02-19","total":"0.00"},{"dia":"2024-02-20","total":"0.00"},{"dia":"2024-02-21","total":"0.00"},{"dia":"2024-02-22","total":"0.00"},{"dia":"2024-02-23","total":"0.00"},{"dia":"2024-02-24","total":"0.00"},{"dia":"2024-02-25","total":"0.00"},{"dia":"2024-02-26","total":"0.00"},{"dia":"2024-02-27","total":"0.00"},{"dia":"2024-02-28","total":"0.00"},{"dia":"2024-02-29","total":"0.00"}]}', [...])
 2 SYSTEMPATH\CodeIgniter.php(941): App\Controllers\Inicio->index()
 3 SYSTEMPATH\CodeIgniter.php(502): CodeIgniter\CodeIgniter->runController(Object(App\Controllers\Inicio))
 4 SYSTEMPATH\CodeIgniter.php(361): CodeIgniter\CodeIgniter->handleRequest(null, Object(Config\Cache), false)
 5 FCPATH\index.php(79): CodeIgniter\CodeIgniter->run()
 6 SYSTEMPATH\Commands\Server\rewrite.php(47): require_once('C:\\xampp\\htdocs\\public\\index.php')
CRITICAL - 2024-02-12 14:21:35 --> TypeError: array_merge(): Argument #13 must be of type array, string given
in APPPATH\Controllers\Inicio.php on line 200.
 1 APPPATH\Controllers\Inicio.php(200): array_merge([...], [...], [...], [...], [...], [...], [...], [...], [...], [...], [...], [...], '{"graficodias":[{"dia":"2024-02-01","total":"0.00"},{"dia":"2024-02-02","total":"0.00"},{"dia":"2024-02-03","total":"0.00"},{"dia":"2024-02-04","total":"0.00"},{"dia":"2024-02-05","total":"0.00"},{"dia":"2024-02-06","total":"0.00"},{"dia":"2024-02-07","total":"0.00"},{"dia":"2024-02-08","total":"0.00"},{"dia":"2024-02-09","total":"0.00"},{"dia":"2024-02-10","total":"0.00"},{"dia":"2024-02-11","total":"0.00"},{"dia":"2024-02-12","total":"542.87"},{"dia":"2024-02-13","total":"0.00"},{"dia":"2024-02-14","total":"0.00"},{"dia":"2024-02-15","total":"0.00"},{"dia":"2024-02-16","total":"0.00"},{"dia":"2024-02-17","total":"0.00"},{"dia":"2024-02-18","total":"0.00"},{"dia":"2024-02-19","total":"0.00"},{"dia":"2024-02-20","total":"0.00"},{"dia":"2024-02-21","total":"0.00"},{"dia":"2024-02-22","total":"0.00"},{"dia":"2024-02-23","total":"0.00"},{"dia":"2024-02-24","total":"0.00"},{"dia":"2024-02-25","total":"0.00"},{"dia":"2024-02-26","total":"0.00"},{"dia":"2024-02-27","total":"0.00"},{"dia":"2024-02-28","total":"0.00"},{"dia":"2024-02-29","total":"0.00"}]}', [...])
 2 SYSTEMPATH\CodeIgniter.php(941): App\Controllers\Inicio->index()
 3 SYSTEMPATH\CodeIgniter.php(502): CodeIgniter\CodeIgniter->runController(Object(App\Controllers\Inicio))
 4 SYSTEMPATH\CodeIgniter.php(361): CodeIgniter\CodeIgniter->handleRequest(null, Object(Config\Cache), false)
 5 FCPATH\index.php(79): CodeIgniter\CodeIgniter->run()
 6 SYSTEMPATH\Commands\Server\rewrite.php(47): require_once('C:\\xampp\\htdocs\\public\\index.php')
CRITICAL - 2024-02-12 14:21:35 --> TypeError: array_merge(): Argument #13 must be of type array, string given
in APPPATH\Controllers\Inicio.php on line 200.
 1 APPPATH\Controllers\Inicio.php(200): array_merge([...], [...], [...], [...], [...], [...], [...], [...], [...], [...], [...], [...], '{"graficodias":[{"dia":"2024-02-01","total":"0.00"},{"dia":"2024-02-02","total":"0.00"},{"dia":"2024-02-03","total":"0.00"},{"dia":"2024-02-04","total":"0.00"},{"dia":"2024-02-05","total":"0.00"},{"dia":"2024-02-06","total":"0.00"},{"dia":"2024-02-07","total":"0.00"},{"dia":"2024-02-08","total":"0.00"},{"dia":"2024-02-09","total":"0.00"},{"dia":"2024-02-10","total":"0.00"},{"dia":"2024-02-11","total":"0.00"},{"dia":"2024-02-12","total":"542.87"},{"dia":"2024-02-13","total":"0.00"},{"dia":"2024-02-14","total":"0.00"},{"dia":"2024-02-15","total":"0.00"},{"dia":"2024-02-16","total":"0.00"},{"dia":"2024-02-17","total":"0.00"},{"dia":"2024-02-18","total":"0.00"},{"dia":"2024-02-19","total":"0.00"},{"dia":"2024-02-20","total":"0.00"},{"dia":"2024-02-21","total":"0.00"},{"dia":"2024-02-22","total":"0.00"},{"dia":"2024-02-23","total":"0.00"},{"dia":"2024-02-24","total":"0.00"},{"dia":"2024-02-25","total":"0.00"},{"dia":"2024-02-26","total":"0.00"},{"dia":"2024-02-27","total":"0.00"},{"dia":"2024-02-28","total":"0.00"},{"dia":"2024-02-29","total":"0.00"}]}', [...])
 2 SYSTEMPATH\CodeIgniter.php(941): App\Controllers\Inicio->index()
 3 SYSTEMPATH\CodeIgniter.php(502): CodeIgniter\CodeIgniter->runController(Object(App\Controllers\Inicio))
 4 SYSTEMPATH\CodeIgniter.php(361): CodeIgniter\CodeIgniter->handleRequest(null, Object(Config\Cache), false)
 5 FCPATH\index.php(79): CodeIgniter\CodeIgniter->run()
 6 SYSTEMPATH\Commands\Server\rewrite.php(47): require_once('C:\\xampp\\htdocs\\public\\index.php')
CRITICAL - 2024-02-12 14:21:36 --> TypeError: array_merge(): Argument #13 must be of type array, string given
in APPPATH\Controllers\Inicio.php on line 200.
 1 APPPATH\Controllers\Inicio.php(200): array_merge([...], [...], [...], [...], [...], [...], [...], [...], [...], [...], [...], [...], '{"graficodias":[{"dia":"2024-02-01","total":"0.00"},{"dia":"2024-02-02","total":"0.00"},{"dia":"2024-02-03","total":"0.00"},{"dia":"2024-02-04","total":"0.00"},{"dia":"2024-02-05","total":"0.00"},{"dia":"2024-02-06","total":"0.00"},{"dia":"2024-02-07","total":"0.00"},{"dia":"2024-02-08","total":"0.00"},{"dia":"2024-02-09","total":"0.00"},{"dia":"2024-02-10","total":"0.00"},{"dia":"2024-02-11","total":"0.00"},{"dia":"2024-02-12","total":"542.87"},{"dia":"2024-02-13","total":"0.00"},{"dia":"2024-02-14","total":"0.00"},{"dia":"2024-02-15","total":"0.00"},{"dia":"2024-02-16","total":"0.00"},{"dia":"2024-02-17","total":"0.00"},{"dia":"2024-02-18","total":"0.00"},{"dia":"2024-02-19","total":"0.00"},{"dia":"2024-02-20","total":"0.00"},{"dia":"2024-02-21","total":"0.00"},{"dia":"2024-02-22","total":"0.00"},{"dia":"2024-02-23","total":"0.00"},{"dia":"2024-02-24","total":"0.00"},{"dia":"2024-02-25","total":"0.00"},{"dia":"2024-02-26","total":"0.00"},{"dia":"2024-02-27","total":"0.00"},{"dia":"2024-02-28","total":"0.00"},{"dia":"2024-02-29","total":"0.00"}]}', [...])
 2 SYSTEMPATH\CodeIgniter.php(941): App\Controllers\Inicio->index()
 3 SYSTEMPATH\CodeIgniter.php(502): CodeIgniter\CodeIgniter->runController(Object(App\Controllers\Inicio))
 4 SYSTEMPATH\CodeIgniter.php(361): CodeIgniter\CodeIgniter->handleRequest(null, Object(Config\Cache), false)
 5 FCPATH\index.php(79): CodeIgniter\CodeIgniter->run()
 6 SYSTEMPATH\Commands\Server\rewrite.php(47): require_once('C:\\xampp\\htdocs\\public\\index.php')
CRITICAL - 2024-02-12 14:21:36 --> TypeError: array_merge(): Argument #13 must be of type array, string given
in APPPATH\Controllers\Inicio.php on line 200.
 1 APPPATH\Controllers\Inicio.php(200): array_merge([...], [...], [...], [...], [...], [...], [...], [...], [...], [...], [...], [...], '{"graficodias":[{"dia":"2024-02-01","total":"0.00"},{"dia":"2024-02-02","total":"0.00"},{"dia":"2024-02-03","total":"0.00"},{"dia":"2024-02-04","total":"0.00"},{"dia":"2024-02-05","total":"0.00"},{"dia":"2024-02-06","total":"0.00"},{"dia":"2024-02-07","total":"0.00"},{"dia":"2024-02-08","total":"0.00"},{"dia":"2024-02-09","total":"0.00"},{"dia":"2024-02-10","total":"0.00"},{"dia":"2024-02-11","total":"0.00"},{"dia":"2024-02-12","total":"542.87"},{"dia":"2024-02-13","total":"0.00"},{"dia":"2024-02-14","total":"0.00"},{"dia":"2024-02-15","total":"0.00"},{"dia":"2024-02-16","total":"0.00"},{"dia":"2024-02-17","total":"0.00"},{"dia":"2024-02-18","total":"0.00"},{"dia":"2024-02-19","total":"0.00"},{"dia":"2024-02-20","total":"0.00"},{"dia":"2024-02-21","total":"0.00"},{"dia":"2024-02-22","total":"0.00"},{"dia":"2024-02-23","total":"0.00"},{"dia":"2024-02-24","total":"0.00"},{"dia":"2024-02-25","total":"0.00"},{"dia":"2024-02-26","total":"0.00"},{"dia":"2024-02-27","total":"0.00"},{"dia":"2024-02-28","total":"0.00"},{"dia":"2024-02-29","total":"0.00"}]}', [...])
 2 SYSTEMPATH\CodeIgniter.php(941): App\Controllers\Inicio->index()
 3 SYSTEMPATH\CodeIgniter.php(502): CodeIgniter\CodeIgniter->runController(Object(App\Controllers\Inicio))
 4 SYSTEMPATH\CodeIgniter.php(361): CodeIgniter\CodeIgniter->handleRequest(null, Object(Config\Cache), false)
 5 FCPATH\index.php(79): CodeIgniter\CodeIgniter->run()
 6 SYSTEMPATH\Commands\Server\rewrite.php(47): require_once('C:\\xampp\\htdocs\\public\\index.php')
ERROR - 2024-02-12 17:26:09 --> Error connecting to the database: mysqli_sql_exception: Nenhuma conexão pôde ser feita porque a máquina de destino as recusou ativamente in C:\xampp\htdocs\system\Database\MySQLi\Connection.php:184
Stack trace:
#0 C:\xampp\htdocs\system\Database\MySQLi\Connection.php(184): mysqli->real_connect('localhost', 'root', Object(SensitiveParameterValue), 'financeiro', 3306, '', 0)
#1 C:\xampp\htdocs\system\Database\BaseConnection.php(392): CodeIgniter\Database\MySQLi\Connection->connect(false)
#2 C:\xampp\htdocs\system\Database\BaseConnection.php(575): CodeIgniter\Database\BaseConnection->initialize()
#3 C:\xampp\htdocs\system\Database\BaseBuilder.php(1616): CodeIgniter\Database\BaseConnection->query('SELECT *\nFROM `...', Array, false)
#4 C:\xampp\htdocs\system\Model.php(270): CodeIgniter\Database\BaseBuilder->get()
#5 C:\xampp\htdocs\system\BaseModel.php(676): CodeIgniter\Model->doFirst()
#6 C:\xampp\htdocs\app\Controllers\Usuario.php(44): CodeIgniter\BaseModel->first()
#7 C:\xampp\htdocs\system\CodeIgniter.php(941): App\Controllers\Usuario->autenticar()
#8 C:\xampp\htdocs\system\CodeIgniter.php(502): CodeIgniter\CodeIgniter->runController(Object(App\Controllers\Usuario))
#9 C:\xampp\htdocs\system\CodeIgniter.php(361): CodeIgniter\CodeIgniter->handleRequest(NULL, Object(Config\Cache), false)
#10 C:\xampp\htdocs\public\index.php(79): CodeIgniter\CodeIgniter->run()
#11 C:\xampp\htdocs\system\Commands\Server\rewrite.php(47): require_once('C:\\xampp\\htdocs...')
#12 {main}

Next CodeIgniter\Database\Exceptions\DatabaseException: Nenhuma conexão pôde ser feita porque a máquina de destino as recusou ativamente in C:\xampp\htdocs\system\Database\MySQLi\Connection.php:229
Stack trace:
#0 C:\xampp\htdocs\system\Database\BaseConnection.php(392): CodeIgniter\Database\MySQLi\Connection->connect(false)
#1 C:\xampp\htdocs\system\Database\BaseConnection.php(575): CodeIgniter\Database\BaseConnection->initialize()
#2 C:\xampp\htdocs\system\Database\BaseBuilder.php(1616): CodeIgniter\Database\BaseConnection->query('SELECT *\nFROM `...', Array, false)
#3 C:\xampp\htdocs\system\Model.php(270): CodeIgniter\Database\BaseBuilder->get()
#4 C:\xampp\htdocs\system\BaseModel.php(676): CodeIgniter\Model->doFirst()
#5 C:\xampp\htdocs\app\Controllers\Usuario.php(44): CodeIgniter\BaseModel->first()
#6 C:\xampp\htdocs\system\CodeIgniter.php(941): App\Controllers\Usuario->autenticar()
#7 C:\xampp\htdocs\system\CodeIgniter.php(502): CodeIgniter\CodeIgniter->runController(Object(App\Controllers\Usuario))
#8 C:\xampp\htdocs\system\CodeIgniter.php(361): CodeIgniter\CodeIgniter->handleRequest(NULL, Object(Config\Cache), false)
#9 C:\xampp\htdocs\public\index.php(79): CodeIgniter\CodeIgniter->run()
#10 C:\xampp\htdocs\system\Commands\Server\rewrite.php(47): require_once('C:\\xampp\\htdocs...')
#11 {main}
CRITICAL - 2024-02-12 17:26:09 --> CodeIgniter\Database\Exceptions\DatabaseException: Unable to connect to the database.
Main connection [MySQLi]: Nenhuma conexão pôde ser feita porque a máquina de destino as recusou ativamente
in SYSTEMPATH\Database\BaseConnection.php on line 428.
 1 SYSTEMPATH\Database\BaseConnection.php(575): CodeIgniter\Database\BaseConnection->initialize()
 2 SYSTEMPATH\Database\BaseBuilder.php(1616): CodeIgniter\Database\BaseConnection->query('SELECT *
FROM `usuario`
WHERE `email` = :email:
AND `senha` = :senha:
 LIMIT 1', [...], false)
 3 SYSTEMPATH\Model.php(270): CodeIgniter\Database\BaseBuilder->get()
 4 SYSTEMPATH\BaseModel.php(676): CodeIgniter\Model->doFirst()
 5 APPPATH\Controllers\Usuario.php(44): CodeIgniter\BaseModel->first()
 6 SYSTEMPATH\CodeIgniter.php(941): App\Controllers\Usuario->autenticar()
 7 SYSTEMPATH\CodeIgniter.php(502): CodeIgniter\CodeIgniter->runController(Object(App\Controllers\Usuario))
 8 SYSTEMPATH\CodeIgniter.php(361): CodeIgniter\CodeIgniter->handleRequest(null, Object(Config\Cache), false)
 9 FCPATH\index.php(79): CodeIgniter\CodeIgniter->run()
10 SYSTEMPATH\Commands\Server\rewrite.php(47): require_once('C:\\xampp\\htdocs\\public\\index.php')
